0 info it worked if it ends with ok
1 verbose cli [
1 verbose cli   'C:\\Program Files\\nodejs\\node.exe',
1 verbose cli   'C:\\Program Files\\nodejs\\node_modules\\npm\\bin\\npm-cli.js',
1 verbose cli   'i',
1 verbose cli   '@angular/cli',
1 verbose cli   '@amgular/compiler-cli',
1 verbose cli   '--save-dev'
1 verbose cli ]
2 info using npm@6.14.13
3 info using node@v14.17.3
4 verbose npm-session 382763b6bb791b51
5 silly install loadCurrentTree
6 silly install readLocalPackageData
7 http fetch GET 404 https://registry.npmjs.org/@amgular%2fcompiler-cli 1737ms
8 http fetch GET 404 https://registry.npmjs.org/@amgular%2fcompiler-cli 317ms
9 silly fetchPackageMetaData error for @amgular/compiler-cli@latest 404 Not Found - GET https://registry.npmjs.org/@amgular%2fcompiler-cli - Not found
10 http fetch GET 200 https://registry.npmjs.org/@angular%2fcli 5796ms
11 http fetch GET 200 https://registry.npmjs.org/@angular/cli/-/cli-10.2.3.tgz 1029ms
12 silly pacote range manifest for @angular/cli@^10.0.1 fetched in 6880ms
13 timing stage:rollbackFailedOptional Completed in 1ms
14 timing stage:runTopLevelLifecycles Completed in 9781ms
15 verbose stack Error: 404 Not Found - GET https://registry.npmjs.org/@amgular%2fcompiler-cli - Not found
15 verbose stack     at C:\Program Files\nodejs\node_modules\npm\node_modules\npm-registry-fetch\check-response.js:117:15
15 verbose stack     at processTicksAndRejections (internal/process/task_queues.js:95:5)
16 verbose statusCode 404
17 verbose pkgid @amgular/compiler-cli@latest
18 verbose cwd c:\angular\angular10login
19 verbose Windows_NT 10.0.19043
20 verbose argv "C:\\Program Files\\nodejs\\node.exe" "C:\\Program Files\\nodejs\\node_modules\\npm\\bin\\npm-cli.js" "i" "@angular/cli" "@amgular/compiler-cli" "--save-dev"
21 verbose node v14.17.3
22 verbose npm  v6.14.13
23 error code E404
24 error 404 Not Found - GET https://registry.npmjs.org/@amgular%2fcompiler-cli - Not found
25 error 404
26 error 404 '@amgular/compiler-cli@latest' is not in the npm registry.
27 error 404 You should bug the author to publish it (or use the name yourself!)
28 error 404 Note that you can also install from a
29 error 404 tarball, folder, http url, or git url.
30 verbose exit [ 1, true ]
